  [1m[35m (10.8ms)[0m  [1m[35mCREATE TABLE "schema_migrations" ("version" character varying NOT NULL PRIMARY KEY)[0m
  [1m[35m (3.1ms)[0m  [1m[35mCREATE TABLE "ar_internal_metadata" ("key" character varying NOT NULL PRIMARY KEY, "value" character varying, "created_at" timestamp NOT NULL, "updated_at" timestamp NOT NULL)[0m
  [1m[35m (0.7ms)[0m  [1m[34mSELECT pg_try_advisory_lock(5904349680232060365)[0m
  [1m[35m (0.6ms)[0m  [1m[34mSELECT "schema_migrations"."version" FROM "schema_migrations" ORDER BY "schema_migrations"."version" ASC[0m
  [1m[36mActiveRecord::InternalMetadata Load (0.4ms)[0m  [1m[34mSELECT  "ar_internal_metadata".* FROM "ar_internal_metadata" WHERE "ar_internal_metadata"."key" = $1 LIMIT $2[0m  [["key", "environment"], ["LIMIT", 1]]
  [1m[35m (0.4ms)[0m  [1m[35mBEGIN[0m
  [1m[35mSQL (1.5ms)[0m  [1m[32mINSERT INTO "ar_internal_metadata" ("key", "value", "created_at", "updated_at") VALUES ($1, $2, $3, $4) RETURNING "key"[0m  [["key", "environment"], ["value", "development"], ["created_at", "2019-10-20 19:49:05.296374"], ["updated_at", "2019-10-20 19:49:05.296374"]]
  [1m[35m (0.8ms)[0m  [1m[35mCOMMIT[0m
  [1m[35m (0.6ms)[0m  [1m[34mSELECT pg_advisory_unlock(5904349680232060365)[0m
  [1m[35m (0.2ms)[0m  [1m[34mSELECT "schema_migrations"."version" FROM "schema_migrations" ORDER BY "schema_migrations"."version" ASC[0m
Started GET "/" for ::1 at 2019-10-20 12:49:42 -0700
Processing by Rails::WelcomeController#index as HTML
  Rendering /Users/franklee/.rvm/gems/ruby-2.6.3/gems/railties-5.1.7/lib/rails/templates/rails/welcome/index.html.erb
  Rendered /Users/franklee/.rvm/gems/ruby-2.6.3/gems/railties-5.1.7/lib/rails/templates/rails/welcome/index.html.erb (3.8ms)
Completed 200 OK in 466ms (Views: 13.1ms)


Started GET "/" for ::1 at 2019-10-20 12:56:12 -0700
Processing by HomepageController#index as HTML
  Rendering homepage/index.html.erb within layouts/application
  Rendered homepage/index.html.erb within layouts/application (1.2ms)
Completed 200 OK in 2519ms (Views: 2287.1ms)


Started GET "/" for ::1 at 2019-10-20 13:01:39 -0700
Processing by HomepageController#index as HTML
  Rendering homepage/index.html.erb within layouts/application
  Rendered homepage/index.html.erb within layouts/application (1.2ms)
Completed 200 OK in 1508ms (Views: 1319.4ms)


Started GET "/" for ::1 at 2019-10-20 13:02:35 -0700
Processing by HomepageController#index as HTML
  Rendering homepage/index.html.erb within layouts/application
  Rendered homepage/index.html.erb within layouts/application (1.2ms)
Completed 200 OK in 1544ms (Views: 1364.9ms)


Started GET "/" for ::1 at 2019-10-20 13:03:57 -0700
Processing by HomepageController#index as HTML
  Rendering homepage/index.html.erb within layouts/application
  Rendered homepage/index.html.erb within layouts/application (0.7ms)
[Webpacker] Compiling…
[Webpacker] Compiled all packs in /Users/franklee/Documents/UCSB/Fourth Year/Fall/CS189A/appfolio-uber-for-vendors/public/packs
Completed 200 OK in 9554ms (Views: 9551.5ms)


Started GET "/" for ::1 at 2019-10-20 13:04:40 -0700
Processing by HomepageController#index as HTML
  Rendering homepage/index.html.erb within layouts/application
  Rendered homepage/index.html.erb within layouts/application (0.5ms)
[Webpacker] Compiling…
[Webpacker] Compiled all packs in /Users/franklee/Documents/UCSB/Fourth Year/Fall/CS189A/appfolio-uber-for-vendors/public/packs
Completed 200 OK in 4630ms (Views: 4628.1ms)


Started GET "/" for ::1 at 2019-10-20 13:04:51 -0700
Processing by HomepageController#index as HTML
  Rendering homepage/index.html.erb within layouts/application
  Rendered homepage/index.html.erb within layouts/application (0.8ms)
Completed 200 OK in 29ms (Views: 27.2ms)


Started GET "/" for ::1 at 2019-10-20 13:05:07 -0700
Processing by HomepageController#index as HTML
  Rendering homepage/index.html.erb within layouts/application
  Rendered homepage/index.html.erb within layouts/application (1.3ms)
[Webpacker] Compiling…
[Webpacker] Compiled all packs in /Users/franklee/Documents/UCSB/Fourth Year/Fall/CS189A/appfolio-uber-for-vendors/public/packs
Completed 200 OK in 4688ms (Views: 4686.0ms)


  [1m[35m (0.2ms)[0m  [1m[34mSELECT pg_try_advisory_lock(5904349680232060365)[0m
  [1m[35m (0.6ms)[0m  [1m[34mSELECT "schema_migrations"."version" FROM "schema_migrations" ORDER BY "schema_migrations"."version" ASC[0m
Migrating to CreateTenants (20191020200819)
  [1m[35m (0.1ms)[0m  [1m[35mBEGIN[0m
  [1m[35m (12.9ms)[0m  [1m[35mCREATE TABLE "tenants" ("id" bigserial primary key, "name" character varying, "created_at" timestamp NOT NULL, "updated_at" timestamp NOT NULL)[0m
  [1m[35mSQL (0.4ms)[0m  [1m[32mINSERT INTO "schema_migrations" ("version") VALUES ($1) RETURNING "version"[0m  [["version", "20191020200819"]]
  [1m[35m (0.4ms)[0m  [1m[35mCOMMIT[0m
  [1m[36mActiveRecord::InternalMetadata Load (0.9ms)[0m  [1m[34mSELECT  "ar_internal_metadata".* FROM "ar_internal_metadata" WHERE "ar_internal_metadata"."key" = $1 LIMIT $2[0m  [["key", "environment"], ["LIMIT", 1]]
  [1m[35m (0.2ms)[0m  [1m[35mBEGIN[0m
  [1m[35m (0.1ms)[0m  [1m[35mCOMMIT[0m
  [1m[35m (0.2ms)[0m  [1m[34mSELECT pg_advisory_unlock(5904349680232060365)[0m
  [1m[35m (0.2ms)[0m  [1m[34mSELECT "schema_migrations"."version" FROM "schema_migrations" ORDER BY "schema_migrations"."version" ASC[0m
Started GET "/" for ::1 at 2019-10-20 13:13:18 -0700
  [1m[35m (0.5ms)[0m  [1m[34mSELECT "schema_migrations"."version" FROM "schema_migrations" ORDER BY "schema_migrations"."version" ASC[0m
Processing by HomepageController#index as HTML
  Rendering homepage/index.html.erb within layouts/application
  Rendered homepage/index.html.erb within layouts/application (2.2ms)
Completed 500 Internal Server Error in 21ms (ActiveRecord: 0.0ms)


  
SyntaxError (/Users/franklee/Documents/UCSB/Fourth Year/Fall/CS189A/appfolio-uber-for-vendors/app/views/homepage/index.html.erb:1: syntax error, unexpected ',', expecting ')'
...=( react_component('Homepage'), {tenants: @tenants} );
...                              ^):
  
app/views/homepage/index.html.erb:1: syntax error, unexpected ',', expecting ')'
Started GET "/" for ::1 at 2019-10-20 13:14:19 -0700
Processing by HomepageController#index as HTML
  Rendering homepage/index.html.erb within layouts/application
  [1m[36mTenant Load (1.4ms)[0m  [1m[34mSELECT "tenants".* FROM "tenants"[0m
  Rendered homepage/index.html.erb within layouts/application (38.9ms)
[Webpacker] Compiling…
[Webpacker] Compiled all packs in /Users/franklee/Documents/UCSB/Fourth Year/Fall/CS189A/appfolio-uber-for-vendors/public/packs
Completed 200 OK in 5312ms (Views: 5297.1ms | ActiveRecord: 12.3ms)


Started GET "/" for ::1 at 2019-10-20 13:15:23 -0700
Processing by HomepageController#index as HTML
  Rendering homepage/index.html.erb within layouts/application
  [1m[36mTenant Load (1.0ms)[0m  [1m[34mSELECT "tenants".* FROM "tenants"[0m
  Rendered homepage/index.html.erb within layouts/application (8.3ms)
[Webpacker] Compiling…
[Webpacker] Compiled all packs in /Users/franklee/Documents/UCSB/Fourth Year/Fall/CS189A/appfolio-uber-for-vendors/public/packs
Completed 200 OK in 4267ms (Views: 4249.9ms | ActiveRecord: 5.3ms)


  [1m[35m (0.2ms)[0m  [1m[35mBEGIN[0m
  [1m[35mSQL (1.2ms)[0m  [1m[32mINSERT INTO "tenants" ("id", "name", "created_at", "updated_at") VALUES ($1, $2, $3, $4) RETURNING "id"[0m  [["id", 1], ["name", "Mark bob"], ["created_at", "2019-10-20 20:16:21.039061"], ["updated_at", "2019-10-20 20:16:21.039061"]]
  [1m[35m (0.4ms)[0m  [1m[35mCOMMIT[0m
  [1m[36mTenant Load (2.8ms)[0m  [1m[34mSELECT  "tenants".* FROM "tenants" LIMIT $1[0m  [["LIMIT", 11]]
  [1m[36mTenant Load (0.4ms)[0m  [1m[34mSELECT  "tenants".* FROM "tenants" ORDER BY "tenants"."id" DESC LIMIT $1[0m  [["LIMIT", 1]]
Started GET "/" for ::1 at 2019-10-20 13:16:51 -0700
  [1m[35m (7.4ms)[0m  [1m[34mSELECT "schema_migrations"."version" FROM "schema_migrations" ORDER BY "schema_migrations"."version" ASC[0m
Processing by HomepageController#index as HTML
  Rendering homepage/index.html.erb within layouts/application
  [1m[36mTenant Load (0.5ms)[0m  [1m[34mSELECT "tenants".* FROM "tenants"[0m
  Rendered homepage/index.html.erb within layouts/application (21.9ms)
Completed 200 OK in 1510ms (Views: 1492.7ms | ActiveRecord: 4.4ms)


